2022-10-06T18:57:26.848+0200 INFO NUOVA SPESA AGGIUNTA = Matricola : M5678 | Totale : 123456.0Euro | data : 1111-11-11T11:11| Descrizione : TestLog
2022-10-06T19:16:14.913+0200 INFO NUOVA SPESA AGGIUNTA = Matricola : M5678 | Totale : 1.23456782E12Euro | data : 2022-09-27T09:09| Descrizione : TestLog2

2022-10-06T19:16:34.249+0200 INFO INSERITA NUOVA MODIFICA = MATRICOLA : M5678| ID_SPESA : 26| Modifica Totale: 12.0
2022-10-06T19:20:25.117+0200 INFO NUOVA SPESA AGGIUNTA = Matricola : M5678 | Totale : 123.0Euro | data : 2022-10-11T11:11| Descrizione : TestLog
2022-10-06T19:20:30.462+0200 WARN INSERITA NUOVA MODIFICA = MATRICOLA : M5678| ID_SPESA : 27| Modifica Totale: 321.0
2022-10-06T19:37:12.922+0200 INFO [UTENTEM5678]NUOVA SPESA AGGIUNTA = Matricola : M5678 | Totale : 123.0Euro | data : 2022-10-05T22:22| Descrizione : TestLog2
2022-10-06T19:37:17.650+0200 INFO [UTENTEM5678]INSERITA NUOVA MODIFICA = MATRICOLA : M5678| ID_SPESA : 28| Modifica Descrizione: TestLog3
2022-10-06T19:37:36.374+0200 WARN [ADMIN M5678] PROCESSATA MODIFICA ID: 23 ESITO : Rifiutata
2022-10-06T19:37:39.418+0200 WARN [ADMIN M5678] PROCESSATA MODIFICA ID: 24 ESITO : Accettata
2022-10-06T19:37:42.855+0200 WARN [ADMIN M5678] Spesa ID : 27 Cancellata
2022-10-06T19:37:55.570+0200 INFO [ADMIN M5678] AGGIORNATI DATI UTENTE 13Matricola : M4321| Nome : Pippo| Cognome : zollo| ruolo : UTENTE
2022-10-06T19:40:00.224+0200 WARN [HOMEM1234]RILEVATO TENTATIVO DI ACCESSO NON AUTORIZZATO
2022-10-10T11:19:37.360+0200 WARN [HOMEm1234]RILEVATO TENTATIVO DI ACCESSO NON AUTORIZZATO
2022-10-10T11:20:15.241+0200 WARN [HOMEm1234]RILEVATO TENTATIVO DI ACCESSO NON AUTORIZZATO
2022-10-10T11:20:44.344+0200 WARN [HOMEm5678]RILEVATO TENTATIVO DI ACCESSO NON AUTORIZZATO
2022-10-10T11:23:09.298+0200 WARN [HOMEm1234]RILEVATO TENTATIVO DI ACCESSO NON AUTORIZZATO
2022-10-10T11:46:33.139+0200 INFO [UTENTE m5678]NUOVA SPESA AGGIUNTA = Matricola : m5678 | Totale : 123.0Euro | data : 1111-11-11T11:01| Descrizione : TestNuovaSpesa

2022-10-10T11:47:07.935+0200 INFO [UTENTE m5678]INSERITA NUOVA MODIFICA = MATRICOLA : m5678| ID_SPESA : 1| Modifica Descrizione: TestNuovaSpesaModificata

2022-10-10T11:47:14.120+0200 WARN [ADMIN m5678] PROCESSATA MODIFICA ID: 1 ESITO : Accettata
2022-10-10T11:47:22.033+0200 WARN [ADMIN m5678] SPESA ID : 2 Cancellata
2022-10-10T12:24:11.995+0200 WARN [HOMEm1234]RILEVATO TENTATIVO DI ACCESSO NON AUTORIZZATO
2022-10-10T12:30:09.199+0200 WARN [HOMEm1234]RILEVATO TENTATIVO DI ACCESSO NON AUTORIZZATO
2022-10-10T12:51:58.979+0200 INFO [UTENTE m1234]NUOVA SPESA AGGIUNTA = Matricola : m1234 | Totale : 1231.0Euro | data : 2022-10-12T11:11| Descrizione : 2313123
2022-10-10T13:05:21.622+0200 WARN [HOMEm1234]RILEVATO TENTATIVO DI ACCESSO NON AUTORIZZATO
2022-10-10T13:29:48.272+0200 INFO [UTENTE m5678]NUOVA SPESA AGGIUNTA = Matricola : m5678 | Totale : 111.0Euro | data : 2022-10-04T11:01| Descrizione : TestAdminSpesa

2022-10-10T13:38:31.671+0200 INFO [UTENTE m5678]INSERITA NUOVA MODIFICA = MATRICOLA : m5678| ID_SPESA : 4| Modifica Descrizione: TestAdminSpesaModificata

